15:25:49.775 [INFO ] [org.springframework.boot.StartupInfoLogger] [logStarting] - [Starting DemoApplication on WINDOWS-JOHNYe with PID 18648 (E:\idea\workSpace\springbootdemo\target\classes started by dell in E:\idea\workSpace\springbootdemo)]
15:25:49.776 [INFO ] [org.springframework.boot.SpringApplication] [logStartupProfileInfo] - [The following profiles are active: dev]
15:25:49.915 [INFO ] [org.springframework.boot.logging.DeferredLog] [logTo] - [Devtools property defaults active! Set 'spring.devtools.add-properties' to 'false' to disable]
15:25:49.915 [INFO ] [org.springframework.boot.logging.DeferredLog] [logTo] - [For additional web related logging consider setting the 'logging.level.web' property to 'DEBUG']
15:25:52.610 [INFO ] [org.springframework.boot.web.embedded.tomcat.TomcatWebServer] [initialize] - [Tomcat initialized with port(s): 8080 (http)]
15:25:52.641 [INFO ] [org.apache.juli.logging.DirectJDKLog] [log  ] - [Initializing ProtocolHandler ["http-nio-8080"]]
15:25:52.648 [INFO ] [org.apache.juli.logging.DirectJDKLog] [log  ] - [Starting service [Tomcat]]
15:25:52.648 [INFO ] [org.apache.juli.logging.DirectJDKLog] [log  ] - [Starting Servlet engine: [Apache Tomcat/9.0.17]]
15:25:52.998 [INFO ] [org.apache.juli.logging.DirectJDKLog] [log  ] - [At least one JAR was scanned for TLDs yet contained no TLDs. Enable debug logging for this logger for a complete list of JARs that were scanned but no TLDs were found in them. Skipping unneeded JARs during scanning can improve startup time and JSP compilation time.]
15:25:53.013 [INFO ] [org.apache.juli.logging.DirectJDKLog] [log  ] - [Initializing Spring embedded WebApplicationContext]
15:25:53.013 [INFO ] [org.springframework.boot.web.servlet.context.ServletWebServerApplicationContext] [prepareWebApplicationContext] - [Root WebApplicationContext: initialization completed in 3098 ms]
15:25:53.644 [INFO ] [org.springframework.scheduling.concurrent.ExecutorConfigurationSupport] [initialize] - [Initializing ExecutorService 'applicationTaskExecutor']
15:25:53.929 [INFO ] [org.springframework.scheduling.concurrent.ExecutorConfigurationSupport] [initialize] - [Initializing ExecutorService 'taskScheduler']
15:25:55.068 [INFO ] [org.springframework.boot.devtools.autoconfigure.OptionalLiveReloadServer] [startServer] - [LiveReload server is running on port 35729]
15:25:55.126 [INFO ] [org.apache.juli.logging.DirectJDKLog] [log  ] - [Starting ProtocolHandler ["http-nio-8080"]]
15:25:55.168 [INFO ] [org.springframework.boot.web.embedded.tomcat.TomcatWebServer] [start] - [Tomcat started on port(s): 8080 (http) with context path '']
15:25:55.168 [INFO ] [org.springframework.boot.StartupInfoLogger] [logStarted] - [Started DemoApplication in 5.989 seconds (JVM running for 7.99)]
15:26:42.393 [INFO ] [org.apache.juli.logging.DirectJDKLog] [log  ] - [Initializing Spring DispatcherServlet 'dispatcherServlet']
15:26:42.394 [INFO ] [org.springframework.web.servlet.FrameworkServlet] [initServletBean] - [Initializing Servlet 'dispatcherServlet']
15:26:42.412 [INFO ] [org.springframework.web.servlet.FrameworkServlet] [initServletBean] - [Completed initialization in 17 ms]
15:26:42.515 [INFO ] [com.zaxxer.hikari.HikariDataSource] [getConnection] - [HikariPool-1 - Starting...]
15:26:42.966 [INFO ] [com.zaxxer.hikari.HikariDataSource] [getConnection] - [HikariPool-1 - Start completed.]
15:56:13.353 [INFO ] [org.springframework.scheduling.concurrent.ExecutorConfigurationSupport] [shutdown] - [Shutting down ExecutorService 'taskScheduler']
15:56:13.353 [INFO ] [org.springframework.scheduling.concurrent.ExecutorConfigurationSupport] [shutdown] - [Shutting down ExecutorService 'applicationTaskExecutor']
15:56:13.353 [INFO ] [com.zaxxer.hikari.HikariDataSource] [close] - [HikariPool-1 - Shutdown initiated...]
15:56:13.384 [INFO ] [com.zaxxer.hikari.HikariDataSource] [close] - [HikariPool-1 - Shutdown completed.]
17:36:19.834 [INFO ] [org.springframework.boot.StartupInfoLogger] [logStarting] - [Starting DemoApplication on WINDOWS-JOHNYe with PID 15184 (E:\idea\workSpace\springbootdemo\target\classes started by dell in E:\idea\workSpace\springbootdemo)]
17:36:19.868 [INFO ] [org.springframework.boot.SpringApplication] [logStartupProfileInfo] - [The following profiles are active: dev]
17:36:20.023 [INFO ] [org.springframework.boot.logging.DeferredLog] [logTo] - [Devtools property defaults active! Set 'spring.devtools.add-properties' to 'false' to disable]
17:36:20.023 [INFO ] [org.springframework.boot.logging.DeferredLog] [logTo] - [For additional web related logging consider setting the 'logging.level.web' property to 'DEBUG']
17:36:22.554 [INFO ] [org.springframework.boot.web.embedded.tomcat.TomcatWebServer] [initialize] - [Tomcat initialized with port(s): 8080 (http)]
17:36:22.569 [INFO ] [org.apache.juli.logging.DirectJDKLog] [log  ] - [Initializing ProtocolHandler ["http-nio-8080"]]
17:36:22.585 [INFO ] [org.apache.juli.logging.DirectJDKLog] [log  ] - [Starting service [Tomcat]]
17:36:22.585 [INFO ] [org.apache.juli.logging.DirectJDKLog] [log  ] - [Starting Servlet engine: [Apache Tomcat/9.0.17]]
17:36:22.923 [INFO ] [org.apache.juli.logging.DirectJDKLog] [log  ] - [At least one JAR was scanned for TLDs yet contained no TLDs. Enable debug logging for this logger for a complete list of JARs that were scanned but no TLDs were found in them. Skipping unneeded JARs during scanning can improve startup time and JSP compilation time.]
17:36:22.923 [INFO ] [org.apache.juli.logging.DirectJDKLog] [log  ] - [Initializing Spring embedded WebApplicationContext]
17:36:22.923 [INFO ] [org.springframework.boot.web.servlet.context.ServletWebServerApplicationContext] [prepareWebApplicationContext] - [Root WebApplicationContext: initialization completed in 2900 ms]
17:36:23.603 [INFO ] [org.springframework.scheduling.concurrent.ExecutorConfigurationSupport] [initialize] - [Initializing ExecutorService 'applicationTaskExecutor']
17:36:23.904 [INFO ] [org.springframework.scheduling.concurrent.ExecutorConfigurationSupport] [initialize] - [Initializing ExecutorService 'taskScheduler']
17:36:25.192 [INFO ] [org.springframework.boot.devtools.autoconfigure.OptionalLiveReloadServer] [startServer] - [LiveReload server is running on port 35729]
17:36:25.245 [INFO ] [org.apache.juli.logging.DirectJDKLog] [log  ] - [Starting ProtocolHandler ["http-nio-8080"]]
17:36:25.292 [INFO ] [org.springframework.boot.web.embedded.tomcat.TomcatWebServer] [start] - [Tomcat started on port(s): 8080 (http) with context path '']
17:36:25.292 [INFO ] [org.springframework.boot.StartupInfoLogger] [logStarted] - [Started DemoApplication in 6.174 seconds (JVM running for 8.109)]
17:36:30.981 [INFO ] [org.apache.juli.logging.DirectJDKLog] [log  ] - [Initializing Spring DispatcherServlet 'dispatcherServlet']
17:36:30.981 [INFO ] [org.springframework.web.servlet.FrameworkServlet] [initServletBean] - [Initializing Servlet 'dispatcherServlet']
17:36:30.996 [INFO ] [org.springframework.web.servlet.FrameworkServlet] [initServletBean] - [Completed initialization in 15 ms]
17:36:31.097 [INFO ] [com.zaxxer.hikari.HikariDataSource] [getConnection] - [HikariPool-1 - Starting...]
17:36:31.605 [INFO ] [com.zaxxer.hikari.HikariDataSource] [getConnection] - [HikariPool-1 - Start completed.]
17:39:40.674 [INFO ] [org.springframework.scheduling.concurrent.ExecutorConfigurationSupport] [shutdown] - [Shutting down ExecutorService 'taskScheduler']
17:39:40.677 [INFO ] [org.springframework.scheduling.concurrent.ExecutorConfigurationSupport] [shutdown] - [Shutting down ExecutorService 'applicationTaskExecutor']
17:39:40.678 [INFO ] [com.zaxxer.hikari.HikariDataSource] [close] - [HikariPool-1 - Shutdown initiated...]
17:39:40.690 [INFO ] [com.zaxxer.hikari.HikariDataSource] [close] - [HikariPool-1 - Shutdown completed.]
